#
# There is insufficient memory for the Java Runtime Environment to continue.
# Native memory allocation (malloc) failed to allocate 1443056 bytes for Chunk::new
# Possible reasons:
#   The system is out of physical RAM or swap space
#   The process is running with CompressedOops enabled, and the Java Heap may be blocking the growth of the native heap
# Possible solutions:
#   Reduce memory load on the system
#   Increase physical memory or swap space
#   Check if swap backing store is full
#   Decrease Java heap size (-Xmx/-Xms)
#   Decrease number of Java threads
#   Decrease Java thread stack sizes (-Xss)
#   Set larger code cache with -XX:ReservedCodeCacheSize=
#   JVM is running with Unscaled Compressed Oops mode in which the Java heap is
#     placed in the first 4GB address space. The Java Heap base address is the
#     maximum limit for the native heap growth. Please use -XX:HeapBaseMinAddress
#     to set the Java Heap base and to place the Java Heap above 4GB virtual address.
# This output file may be truncated or incomplete.
#
#  Out of Memory Error (./open/src/hotspot/share/memory/arena.cpp:197), pid=8124, tid=11472
#
# JRE version: Java(TM) SE Runtime Environment 18.9 (11.0.15+8) (build 11.0.15+8-LTS-149)
# Java VM: Java HotSpot(TM) 64-Bit Server VM 18.9 (11.0.15+8-LTS-149, mixed mode, tiered, compressed oops, g1 gc, windows-amd64)
# No core dump will be written. Minidumps are not enabled by default on client versions of Windows
#

---------------  S U M M A R Y ------------

Command Line: -Dfile.encoding=windows-1252 -Duser.country=US -Duser.language=en -Duser.variant com.tpssoft.retro.RetroApplication

Host: 11th Gen Intel(R) Core(TM) i5-1135G7 @ 2.40GHz, 8 cores, 7G,  Windows 11 , 64 bit Build 22000 (10.0.22000.708)
Time: Sun Aug 21 14:17:25 2022 SE Asia Standard Time elapsed time: 338.111054 seconds (0d 0h 5m 38s)

---------------  T H R E A D  ---------------

Current thread (0x0000016b59cea000):  JavaThread "C2 CompilerThread0" daemon [_thread_in_native, id=11472, stack(0x0000000f59c00000,0x0000000f59d00000)]


Current CompileTask:
C2: 338111 13448   !   4       org.postgresql.core.v3.QueryExecutorImpl::sendBind (769 bytes)

Stack: [0x0000000f59c00000,0x0000000f59d00000]
Native frames: (J=compiled Java code, j=interpreted, Vv=VM code, C=native code)
V  [jvm.dll+0x629d8a]
V  [jvm.dll+0x7638ff]
V  [jvm.dll+0x764fa9]
V  [jvm.dll+0x765633]
V  [jvm.dll+0x23d9c8]
V  [jvm.dll+0xb2a1c]
V  [jvm.dll+0xb2fdc]
V  [jvm.dll+0x341002]
V  [jvm.dll+0x18cb19]
V  [jvm.dll+0x1f8672]
V  [jvm.dll+0x1f774d]
V  [jvm.dll+0x177c51]
V  [jvm.dll+0x207026]
V  [jvm.dll+0x2051bb]
V  [jvm.dll+0x729820]
V  [jvm.dll+0x7223f4]
V  [jvm.dll+0x628c26]
C  [ucrtbase.dll+0x26c0c]
C  [KERNEL32.DLL+0x154e0]
C  [ntdll.dll+0x485b]


---------------  P R O C E S S  ---------------

Threads class SMR info:
_java_thread_list=0x0000016b5dd7f4a0, length=37, elements={
0x0000016b59cc5800, 0x0000016b59cd0800, 0x0000016b59ce2800, 0x0000016b59ce3800,
0x0000016b59ce6000, 0x0000016b59cea000, 0x0000016b5a635000, 0x0000016b5a643800,
0x0000016b5a7cc000, 0x0000016b5de37000, 0x0000016b5bab6800, 0x0000016b5b680000,
0x0000016b60c3e800, 0x0000016b615d9800, 0x0000016b615d0800, 0x0000016b5e92b000,
0x0000016b5ec5d000, 0x0000016b5ec5e800, 0x0000016b5ec5c000, 0x0000016b5ec5d800,
0x0000016b5d418000, 0x0000016b5d41e800, 0x0000016b5d41c800, 0x0000016b5d419000,
0x0000016b5d41f800, 0x0000016b5d41b800, 0x0000016b5d41d000, 0x0000016b5d41e000,
0x0000016b5d41a000, 0x0000016b5d41a800, 0x0000016b5d424800, 0x0000016b5d426000,
0x0000016b5d423800, 0x0000016b6089e800, 0x0000016b6089e000, 0x0000016b608a3000,
0x0000016b5e149000
}

Java Threads: ( => current thread )
  0x0000016b59cc5800 JavaThread "Reference Handler" daemon [_thread_blocked, id=15192, stack(0x0000000f59700000,0x0000000f59800000)]
  0x0000016b59cd0800 JavaThread "Finalizer" daemon [_thread_blocked, id=13372, stack(0x0000000f59800000,0x0000000f59900000)]
  0x0000016b59ce2800 JavaThread "Signal Dispatcher" daemon [_thread_blocked, id=2728, stack(0x0000000f59900000,0x0000000f59a00000)]
  0x0000016b59ce3800 JavaThread "Attach Listener" daemon [_thread_blocked, id=1748, stack(0x0000000f59a00000,0x0000000f59b00000)]
  0x0000016b59ce6000 JavaThread "Service Thread" daemon [_thread_blocked, id=10612, stack(0x0000000f59b00000,0x0000000f59c00000)]
=>0x0000016b59cea000 JavaThread "C2 CompilerThread0" daemon [_thread_in_native, id=11472, stack(0x0000000f59c00000,0x0000000f59d00000)]
  0x0000016b5a635000 JavaThread "C1 CompilerThread0" daemon [_thread_blocked, id=1656, stack(0x0000000f59d00000,0x0000000f59e00000)]
  0x0000016b5a643800 JavaThread "Sweeper thread" daemon [_thread_blocked, id=4204, stack(0x0000000f59e00000,0x0000000f59f00000)]
  0x0000016b5a7cc000 JavaThread "Common-Cleaner" daemon [_thread_blocked, id=17032, stack(0x0000000f5a000000,0x0000000f5a100000)]
  0x0000016b5de37000 JavaThread "HikariPool-1 housekeeper" daemon [_thread_blocked, id=12948, stack(0x0000000f5a800000,0x0000000f5a900000)]
  0x0000016b5bab6800 JavaThread "Catalina-utility-1" [_thread_blocked, id=15108, stack(0x0000000f5aa00000,0x0000000f5ab00000)]
  0x0000016b5b680000 JavaThread "Catalina-utility-2" [_thread_blocked, id=6072, stack(0x0000000f5ab00000,0x0000000f5ac00000)]
  0x0000016b60c3e800 JavaThread "container-0" [_thread_blocked, id=5536, stack(0x0000000f5ac00000,0x0000000f5ad00000)]
  0x0000016b615d9800 JavaThread "MessageBroker-1" [_thread_blocked, id=12080, stack(0x0000000f5b100000,0x0000000f5b200000)]
  0x0000016b615d0800 JavaThread "http-nio-8080-exec-1" daemon [_thread_blocked, id=17060, stack(0x0000000f5b200000,0x0000000f5b300000)]
  0x0000016b5e92b000 JavaThread "http-nio-8080-exec-2" daemon [_thread_blocked, id=1464, stack(0x0000000f5b300000,0x0000000f5b400000)]
  0x0000016b5ec5d000 JavaThread "http-nio-8080-exec-3" daemon [_thread_blocked, id=5276, stack(0x0000000f5b400000,0x0000000f5b500000)]
  0x0000016b5ec5e800 JavaThread "http-nio-8080-exec-4" daemon [_thread_blocked, id=14176, stack(0x0000000f5b500000,0x0000000f5b600000)]
  0x0000016b5ec5c000 JavaThread "http-nio-8080-exec-5" daemon [_thread_blocked, id=6700, stack(0x0000000f5b600000,0x0000000f5b700000)]
  0x0000016b5ec5d800 JavaThread "http-nio-8080-exec-6" daemon [_thread_blocked, id=15384, stack(0x0000000f5b700000,0x0000000f5b800000)]
  0x0000016b5d418000 JavaThread "http-nio-8080-exec-7" daemon [_thread_blocked, id=9536, stack(0x0000000f5b800000,0x0000000f5b900000)]
  0x0000016b5d41e800 JavaThread "http-nio-8080-exec-8" daemon [_thread_blocked, id=1388, stack(0x0000000f5b900000,0x0000000f5ba00000)]
  0x0000016b5d41c800 JavaThread "http-nio-8080-exec-9" daemon [_thread_blocked, id=12028, stack(0x0000000f5ba00000,0x0000000f5bb00000)]
  0x0000016b5d419000 JavaThread "http-nio-8080-exec-10" daemon [_thread_blocked, id=13568, stack(0x0000000f5bb00000,0x0000000f5bc00000)]
  0x0000016b5d41f800 JavaThread "http-nio-8080-Poller" daemon [_thread_in_native, id=6776, stack(0x0000000f5bc00000,0x0000000f5bd00000)]
  0x0000016b5d41b800 JavaThread "http-nio-8080-Acceptor" daemon [_thread_in_native, id=14264, stack(0x0000000f5bd00000,0x0000000f5be00000)]
  0x0000016b5d41d000 JavaThread "DestroyJavaVM" [_thread_blocked, id=17548, stack(0x0000000f59000000,0x0000000f59100000)]
  0x0000016b5d41e000 JavaThread "MessageBroker-2" [_thread_blocked, id=1224, stack(0x0000000f58d00000,0x0000000f58e00000)]
  0x0000016b5d41a000 JavaThread "MessageBroker-4" [_thread_blocked, id=8728, stack(0x0000000f5a100000,0x0000000f5a200000)]
  0x0000016b5d41a800 JavaThread "MessageBroker-3" [_thread_blocked, id=9628, stack(0x0000000f5a200000,0x0000000f5a300000)]
  0x0000016b5d424800 JavaThread "MessageBroker-5" [_thread_blocked, id=13804, stack(0x0000000f5a900000,0x0000000f5aa00000)]
  0x0000016b5d426000 JavaThread "WebSocket background processing" daemon [_thread_blocked, id=7556, stack(0x0000000f5be00000,0x0000000f5bf00000)]
  0x0000016b5d423800 JavaThread "MessageBroker-6" [_thread_blocked, id=2264, stack(0x0000000f5c300000,0x0000000f5c400000)]
  0x0000016b6089e800 JavaThread "MessageBroker-7" [_thread_blocked, id=12708, stack(0x0000000f58f00000,0x0000000f59000000)]
  0x0000016b6089e000 JavaThread "MessageBroker-8" [_thread_blocked, id=5952, stack(0x0000000f58e00000,0x0000000f58f00000)]
  0x0000016b608a3000 JavaThread "HikariPool-1 connection adder" daemon [_thread_blocked, id=7792, stack(0x0000000f5a500000,0x0000000f5a600000)]
  0x0000016b5e149000 JavaThread "C2 CompilerThread1" daemon [_thread_in_native, id=7188, stack(0x0000000f5c200000,0x0000000f5c300000)]

Other Threads:
  0x0000016b59cc0800 VMThread "VM Thread" [stack: 0x0000000f59600000,0x0000000f59700000] [id=13184]
  0x0000016b5a7c5800 WatcherThread [stack: 0x0000000f59f00000,0x0000000f5a000000] [id=1676]
  0x0000016b3be70800 GCTaskThread "GC Thread#0" [stack: 0x0000000f59100000,0x0000000f59200000] [id=10604]
  0x0000016b5adf7000 GCTaskThread "GC Thread#1" [stack: 0x0000000f5a300000,0x0000000f5a400000] [id=8832]
  0x0000016b5adf8000 GCTaskThread "GC Thread#2" [stack: 0x0000000f5a400000,0x0000000f5a500000] [id=8860]
  0x0000016b5b4ff800 GCTaskThread "GC Thread#3" [stack: 0x0000000f5a600000,0x0000000f5a700000] [id=17704]
  0x0000016b5b8a2000 GCTaskThread "GC Thread#4" [stack: 0x0000000f5ad00000,0x0000000f5ae00000] [id=11084]
  0x0000016b5b8a1000 GCTaskThread "GC Thread#5" [stack: 0x0000000f5ae00000,0x0000000f5af00000] [id=14244]
  0x0000016b5b8a0800 GCTaskThread "GC Thread#6" [stack: 0x0000000f5af00000,0x0000000f5b000000] [id=16596]
  0x0000016b5b89d800 GCTaskThread "GC Thread#7" [stack: 0x0000000f5b000000,0x0000000f5b100000] [id=15244]
  0x0000016b3bea0000 ConcurrentGCThread "G1 Main Marker" [stack: 0x0000000f59200000,0x0000000f59300000] [id=15312]
  0x0000016b3bea2800 ConcurrentGCThread "G1 Conc#0" [stack: 0x0000000f59300000,0x0000000f59400000] [id=11924]
  0x0000016b5c087800 ConcurrentGCThread "G1 Conc#1" [stack: 0x0000000f5a700000,0x0000000f5a800000] [id=8984]
  0x0000016b59b06800 ConcurrentGCThread "G1 Refine#0" [stack: 0x0000000f59400000,0x0000000f59500000] [id=3492]
  0x0000016b59b09000 ConcurrentGCThread "G1 Young RemSet Sampling" [stack: 0x0000000f59500000,0x0000000f59600000] [id=9804]

Threads with active compile tasks:
C2 CompilerThread0 340097 13448   !   4       org.postgresql.core.v3.QueryExecutorImpl::sendBind (769 bytes)
C2 CompilerThread1 340097 13449   !   4       org.postgresql.core.v3.QueryExecutorImpl::processResults (2184 bytes)

VM state:not at safepoint (normal execution)

VM Mutex/Monitor currently owned by a thread: None

Heap address: 0x0000000083600000, size: 1994 MB, Compressed Oops mode: 32-bit
Narrow klass base: 0x0000000000000000, Narrow klass shift: 3
Compressed class space size: 1073741824 Address: 0x0000000100000000

Heap:
 garbage-first heap   total 187392K, used 74031K [0x0000000083600000, 0x0000000100000000)
  region size 1024K, 44 young (45056K), 3 survivors (3072K)
 Metaspace       used 78155K, capacity 80212K, committed 80512K, reserved 1120256K
  class space    used 9433K, capacity 10256K, committed 10368K, reserved 1048576K
Heap Regions: E=young(eden), S=young(survivor), O=old, HS=humongous(starts), HC=humongous(continues), CS=collection set, F=free, A=archive, TAMS=top-at-mark-start (previous, next)
|   0|0x0000000083600000, 0x0000000083700000, 0x0000000083700000|100%|HS|  |TAMS 0x0000000083700000, 0x0000000083600000| Complete 
|   1|0x0000000083700000, 0x0000000083800000, 0x0000000083800000|100%| O|  |TAMS 0x0000000083800000, 0x0000000083700000| Untracked 
|   2|0x0000000083800000, 0x0000000083900000, 0x0000000083900000|100%| O|  |TAMS 0x0000000083900000, 0x0000000083800000| Untracked 
|   3|0x0000000083900000, 0x0000000083a00000, 0x0000000083a00000|100%| O|  |TAMS 0x0000000083a00000, 0x0000000083900000| Untracked 
|   4|0x0000000083a00000, 0x0000000083b00000, 0x0000000083b00000|100%| O|  |TAMS 0x0000000083b00000, 0x0000000083a00000| Untracked 
|   5|0x0000000083b00000, 0x0000000083c00000, 0x0000000083c00000|100%| O|  |TAMS 0x0000000083c00000, 0x0000000083b00000| Untracked 
|   6|0x0000000083c00000, 0x0000000083d00000, 0x0000000083d00000|100%| O|  |TAMS 0x0000000083d00000, 0x0000000083c00000| Untracked 
|   7|0x0000000083d00000, 0x0000000083e00000, 0x0000000083e00000|100%| O|  |TAMS 0x0000000083e00000, 0x0000000083d00000| Untracked 
|   8|0x0000000083e00000, 0x0000000083f00000, 0x0000000083f00000|100%| O|  |TAMS 0x0000000083f00000, 0x0000000083e00000| Untracked 
|   9|0x0000000083f00000, 0x0000000084000000, 0x0000000084000000|100%| O|  |TAMS 0x0000000084000000, 0x0000000083f00000| Untracked 
|  10|0x0000000084000000, 0x0000000084100000, 0x0000000084100000|100%| O|  |TAMS 0x0000000084100000, 0x0000000084000000| Untracked 
|  11|0x0000000084100000, 0x0000000084200000, 0x0000000084200000|100%| O|  |TAMS 0x0000000084200000, 0x0000000084100000| Untracked 
|  12|0x0000000084200000, 0x0000000084300000, 0x0000000084300000|100%| O|  |TAMS 0x0000000084300000, 0x0000000084200000| Untracked 
|  13|0x0000000084300000, 0x0000000084400000, 0x0000000084400000|100%| O|  |TAMS 0x0000000084400000, 0x0000000084300000| Untracked 
|  14|0x0000000084400000, 0x0000000084500000, 0x0000000084500000|100%| O|  |TAMS 0x00000000844e6a00, 0x0000000084400000| Untracked 
|  15|0x0000000084500000, 0x0000000084600000, 0x0000000084600000|100%| O|  |TAMS 0x0000000084500000, 0x0000000084500000| Untracked 
|  16|0x0000000084600000, 0x0000000084700000, 0x0000000084700000|100%| O|  |TAMS 0x0000000084600000, 0x0000000084600000| Untracked 
|  17|0x0000000084700000, 0x0000000084800000, 0x0000000084800000|100%| O|  |TAMS 0x0000000084700000, 0x0000000084700000| Untracked 
|  18|0x0000000084800000, 0x0000000084900000, 0x0000000084900000|100%| O|  |TAMS 0x0000000084800000, 0x0000000084800000| Untracked 
|  19|0x0000000084900000, 0x0000000084a00000, 0x0000000084a00000|100%| O|  |TAMS 0x0000000084900000, 0x0000000084900000| Untracked 
|  20|0x0000000084a00000, 0x0000000084b00000, 0x0000000084b00000|100%| O|  |TAMS 0x0000000084a00000, 0x0000000084a00000| Untracked 
|  21|0x0000000084b00000, 0x0000000084c00000, 0x0000000084c00000|100%| O|  |TAMS 0x0000000084b00000, 0x0000000084b00000| Untracked 
|  22|0x0000000084c00000, 0x0000000084d00000, 0x0000000084d00000|100%| O|  |TAMS 0x0000000084c00000, 0x0000000084c00000| Untracked 
|  23|0x0000000084d00000, 0x0000000084e00000, 0x0000000084e00000|100%| O|  |TAMS 0x0000000084d00000, 0x0000000084d00000| Untracked 
|  24|0x0000000084e00000, 0x0000000084f00000, 0x0000000084f00000|100%| O|  |TAMS 0x0000000084e00000, 0x0000000084e00000| Untracked 
|  25|0x0000000084f00000, 0x0000000085000000, 0x0000000085000000|100%| O|  |TAMS 0x0000000084f00000, 0x0000000084f00000| Untracked 
|  26|0x0000000085000000, 0x0000000085100000, 0x0000000085100000|100%| O|  |TAMS 0x0000000085000000, 0x0000000085000000| Untracked 
|  27|0x0000000085100000, 0x0000000085200000, 0x0000000085200000|100%| O|  |TAMS 0x0000000085100000, 0x0000000085100000| Untracked 
|  28|0x0000000085200000, 0x0000000085300000, 0x0000000085300000|100%| O|  |TAMS 0x0000000085200000, 0x0000000085200000| Untracked 
|  29|0x0000000085300000, 0x000000008536e000, 0x0000000085400000| 42%| O|  |TAMS 0x0000000085300000, 0x0000000085300000| Untracked 
|  30|0x0000000085400000, 0x0000000085400000, 0x0000000085500000|  0%| F|  |TAMS 0x0000000085400000, 0x0000000085400000| Untracked 
|  31|0x0000000085500000, 0x0000000085500000, 0x0000000085600000|  0%| F|  |TAMS 0x0000000085500000, 0x0000000085500000| Untracked 
|  32|0x0000000085600000, 0x0000000085600000, 0x0000000085700000|  0%| F|  |TAMS 0x0000000085600000, 0x0000000085600000| Untracked 
|  33|0x0000000085700000, 0x0000000085700000, 0x0000000085800000|  0%| F|  |TAMS 0x0000000085700000, 0x0000000085700000| Untracked 
|  34|0x0000000085800000, 0x0000000085800000, 0x0000000085900000|  0%| F|  |TAMS 0x0000000085800000, 0x0000000085800000| Untracked 
|  35|0x0000000085900000, 0x0000000085900000, 0x0000000085a00000|  0%| F|  |TAMS 0x0000000085900000, 0x0000000085900000| Untracked 
|  36|0x0000000085a00000, 0x0000000085a00000, 0x0000000085b00000|  0%| F|  |TAMS 0x0000000085a00000, 0x0000000085a00000| Untracked 
|  37|0x0000000085b00000, 0x0000000085b00000, 0x0000000085c00000|  0%| F|  |TAMS 0x0000000085b00000, 0x0000000085b00000| Untracked 
|  38|0x0000000085c00000, 0x0000000085c00000, 0x0000000085d00000|  0%| F|  |TAMS 0x0000000085c00000, 0x0000000085c00000| Untracked 
|  39|0x0000000085d00000, 0x0000000085d00000, 0x0000000085e00000|  0%| F|  |TAMS 0x0000000085d00000, 0x0000000085d00000| Untracked 
|  40|0x0000000085e00000, 0x0000000085e00000, 0x0000000085f00000|  0%| F|  |TAMS 0x0000000085e00000, 0x0000000085e00000| Untracked 
|  41|0x0000000085f00000, 0x0000000085f00000, 0x0000000086000000|  0%| F|  |TAMS 0x0000000085f00000, 0x0000000085f00000| Untracked 
|  42|0x0000000086000000, 0x0000000086000000, 0x0000000086100000|  0%| F|  |TAMS 0x0000000086000000, 0x0000000086000000| Untracked 
|  43|0x0000000086100000, 0x0000000086100000, 0x0000000086200000|  0%| F|  |TAMS 0x0000000086100000, 0x0000000086100000| Untracked 
|  44|0x0000000086200000, 0x0000000086200000, 0x0000000086300000|  0%| F|  |TAMS 0x0000000086200000, 0x0000000086200000| Untracked 
|  45|0x0000000086300000, 0x0000000086300000, 0x0000000086400000|  0%| F|  |TAMS 0x0000000086300000, 0x0000000086300000| Untracked 
|  46|0x0000000086400000, 0x0000000086400000, 0x0000000086500000|  0%| F|  |TAMS 0x0000000086400000, 0x0000000086400000| Untracked 
|  47|0x0000000086500000, 0x0000000086500000, 0x0000000086600000|  0%| F|  |TAMS 0x0000000086500000, 0x0000000086500000| Untracked 
|  48|0x0000000086600000, 0x0000000086600000, 0x0000000086700000|  0%| F|  |TAMS 0x0000000086600000, 0x0000000086600000| Untracked 
|  49|0x0000000086700000, 0x0000000086700000, 0x0000000086800000|  0%| F|  |TAMS 0x0000000086700000, 0x0000000086700000| Untracked 
|  50|0x0000000086800000, 0x0000000086800000, 0x0000000086900000|  0%| F|  |TAMS 0x0000000086800000, 0x0000000086800000| Untracked 
|  51|0x0000000086900000, 0x0000000086900000, 0x0000000086a00000|  0%| F|  |TAMS 0x0000000086900000, 0x0000000086900000| Untracked 
|  52|0x0000000086a00000, 0x0000000086a00000, 0x0000000086b00000|  0%| F|  |TAMS 0x0000000086a00000, 0x0000000086a00000| Untracked 
|  53|0x0000000086b00000, 0x0000000086b00000, 0x0000000086c00000|  0%| F|  |TAMS 0x0000000086b00000, 0x0000000086b00000| Untracked 
|  54|0x0000000086c00000, 0x0000000086c00000, 0x0000000086d00000|  0%| F|  |TAMS 0x0000000086c00000, 0x0000000086c00000| Untracked 
|  55|0x0000000086d00000, 0x0000000086d00000, 0x0000000086e00000|  0%| F|  |TAMS 0x0000000086d00000, 0x0000000086d00000| Untracked 
|  56|0x0000000086e00000, 0x0000000086e00000, 0x0000000086f00000|  0%| F|  |TAMS 0x0000000086e00000, 0x0000000086e00000| Untracked 
|  57|0x0000000086f00000, 0x0000000086f00000, 0x0000000087000000|  0%| F|  |TAMS 0x0000000086f00000, 0x0000000086f00000| Untracked 
|  58|0x0000000087000000, 0x0000000087000000, 0x0000000087100000|  0%| F|  |TAMS 0x0000000087000000, 0x0000000087000000| Untracked 
|  59|0x0000000087100000, 0x0000000087100000, 0x0000000087200000|  0%| F|  |TAMS 0x0000000087100000, 0x0000000087100000| Untracked 
|  60|0x0000000087200000, 0x0000000087200000, 0x0000000087300000|  0%| F|  |TAMS 0x0000000087200000, 0x0000000087200000| Untracked 
|  61|0x0000000087300000, 0x0000000087300000, 0x0000000087400000|  0%| F|  |TAMS 0x0000000087300000, 0x0000000087300000| Untracked 
|  62|0x0000000087400000, 0x0000000087400000, 0x0000000087500000|  0%| F|  |TAMS 0x0000000087400000, 0x0000000087400000| Untracked 
|  63|0x0000000087500000, 0x0000000087500000, 0x0000000087600000|  0%| F|  |TAMS 0x0000000087500000, 0x0000000087500000| Untracked 
|  64|0x0000000087600000, 0x0000000087600000, 0x0000000087700000|  0%| F|  |TAMS 0x0000000087600000, 0x0000000087600000| Untracked 
|  65|0x0000000087700000, 0x0000000087700000, 0x0000000087800000|  0%| F|  |TAMS 0x0000000087700000, 0x0000000087700000| Untracked 
|  66|0x0000000087800000, 0x0000000087800000, 0x0000000087900000|  0%| F|  |TAMS 0x0000000087800000, 0x0000000087800000| Untracked 
|  67|0x0000000087900000, 0x0000000087900000, 0x0000000087a00000|  0%| F|  |TAMS 0x0000000087900000, 0x0000000087900000| Untracked 
|  68|0x0000000087a00000, 0x0000000087a00000, 0x0000000087b00000|  0%| F|  |TAMS 0x0000000087a00000, 0x0000000087a00000| Untracked 
|  69|0x0000000087b00000, 0x0000000087b00000, 0x0000000087c00000|  0%| F|  |TAMS 0x0000000087b00000, 0x0000000087b00000| Untracked 
|  70|0x0000000087c00000, 0x0000000087c00000, 0x0000000087d00000|  0%| F|  |TAMS 0x0000000087c00000, 0x0000000087c00000| Untracked 
|  71|0x0000000087d00000, 0x0000000087ddde08, 0x0000000087e00000| 86%| S|CS|TAMS 0x0000000087d00000, 0x0000000087d00000| Complete 
|  72|0x0000000087e00000, 0x0000000087f00000, 0x0000000087f00000|100%| S|CS|TAMS 0x0000000087e00000, 0x0000000087e00000| Complete 
|  73|0x0000000087f00000, 0x0000000087f00000, 0x0000000088000000|  0%| F|  |TAMS 0x0000000087f00000, 0x0000000087f00000| Untracked 
|  74|0x0000000088000000, 0x0000000088000000, 0x0000000088100000|  0%| F|  |TAMS 0x0000000088000000, 0x0000000088000000| Untracked 
|  75|0x0000000088100000, 0x0000000088100000, 0x0000000088200000|  0%| F|  |TAMS 0x0000000088100000, 0x0000000088100000| Untracked 
|  76|0x0000000088200000, 0x0000000088300000, 0x0000000088300000|100%| S|CS|TAMS 0x0000000088200000, 0x0000000088200000| Complete 
|  77|0x0000000088300000, 0x0000000088300000, 0x0000000088400000|  0%| F|  |TAMS 0x0000000088300000, 0x0000000088300000| Untracked 
|  78|0x0000000088400000, 0x0000000088400000, 0x0000000088500000|  0%| F|  |TAMS 0x0000000088400000, 0x0000000088400000| Untracked 
|  79|0x0000000088500000, 0x0000000088500000, 0x0000000088600000|  0%| F|  |TAMS 0x0000000088500000, 0x0000000088500000| Untracked 
|  80|0x0000000088600000, 0x0000000088600000, 0x0000000088700000|  0%| F|  |TAMS 0x0000000088600000, 0x0000000088600000| Untracked 
|  81|0x0000000088700000, 0x0000000088700000, 0x0000000088800000|  0%| F|  |TAMS 0x0000000088700000, 0x0000000088700000| Untracked 
|  82|0x0000000088800000, 0x0000000088800000, 0x0000000088900000|  0%| F|  |TAMS 0x0000000088800000, 0x0000000088800000| Untracked 
|  83|0x0000000088900000, 0x0000000088900000, 0x0000000088a00000|  0%| F|  |TAMS 0x0000000088900000, 0x0000000088900000| Untracked 
|  84|0x0000000088a00000, 0x0000000088a00000, 0x0000000088b00000|  0%| F|  |TAMS 0x0000000088a00000, 0x0000000088a00000| Untracked 
|  85|0x0000000088b00000, 0x0000000088b00000, 0x0000000088c00000|  0%| F|  |TAMS 0x0000000088b00000, 0x0000000088b00000| Untracked 
|  86|0x0000000088c00000, 0x0000000088c00000, 0x0000000088d00000|  0%| F|  |TAMS 0x0000000088c00000, 0x0000000088c00000| Untracked 
|  87|0x0000000088d00000, 0x0000000088d00000, 0x0000000088e00000|  0%| F|  |TAMS 0x0000000088d00000, 0x0000000088d00000| Untracked 
|  88|0x0000000088e00000, 0x0000000088e00000, 0x0000000088f00000|  0%| F|  |TAMS 0x0000000088e00000, 0x0000000088e00000| Untracked 
|  89|0x0000000088f00000, 0x0000000088f00000, 0x0000000089000000|  0%| F|  |TAMS 0x0000000088f00000, 0x0000000088f00000| Untracked 
|  90|0x0000000089000000, 0x0000000089000000, 0x0000000089100000|  0%| F|  |TAMS 0x0000000089000000, 0x0000000089000000| Untracked 
|  91|0x0000000089100000, 0x0000000089100000, 0x0000000089200000|  0%| F|  |TAMS 0x0000000089100000, 0x0000000089100000| Untracked 
|  92|0x0000000089200000, 0x0000000089200000, 0x0000000089300000|  0%| F|  |TAMS 0x0000000089200000, 0x0000000089200000| Untracked 
|  93|0x0000000089300000, 0x0000000089300000, 0x0000000089400000|  0%| F|  |TAMS 0x0000000089300000, 0x0000000089300000| Untracked 
|  94|0x0000000089400000, 0x0000000089400000, 0x0000000089500000|  0%| F|  |TAMS 0x0000000089400000, 0x0000000089400000| Untracked 
|  95|0x0000000089500000, 0x0000000089500000, 0x0000000089600000|  0%| F|  |TAMS 0x0000000089500000, 0x0000000089500000| Untracked 
|  96|0x0000000089600000, 0x0000000089600000, 0x0000000089700000|  0%| F|  |TAMS 0x0000000089600000, 0x0000000089600000| Untracked 
|  97|0x0000000089700000, 0x0000000089700000, 0x0000000089800000|  0%| F|  |TAMS 0x0000000089700000, 0x0000000089700000| Untracked 
|  98|0x0000000089800000, 0x0000000089800000, 0x0000000089900000|  0%| F|  |TAMS 0x0000000089800000, 0x0000000089800000| Untracked 
|  99|0x0000000089900000, 0x0000000089900000, 0x0000000089a00000|  0%| F|  |TAMS 0x0000000089900000, 0x0000000089900000| Untracked 
| 100|0x0000000089a00000, 0x0000000089a00000, 0x0000000089b00000|  0%| F|  |TAMS 0x0000000089a00000, 0x0000000089a00000| Untracked 
| 101|0x0000000089b00000, 0x0000000089b00000, 0x0000000089c00000|  0%| F|  |TAMS 0x0000000089b00000, 0x0000000089b00000| Untracked 
| 102|0x0000000089c00000, 0x0000000089c00000, 0x0000000089d00000|  0%| F|  |TAMS 0x0000000089c00000, 0x0000000089c00000| Untracked 
| 103|0x0000000089d00000, 0x0000000089d00000, 0x0000000089e00000|  0%| F|  |TAMS 0x0000000089d00000, 0x0000000089d00000| Untracked 
| 104|0x0000000089e00000, 0x0000000089e00000, 0x0000000089f00000|  0%| F|  |TAMS 0x0000000089e00000, 0x0000000089e00000| Untracked 
| 105|0x0000000089f00000, 0x0000000089f00000, 0x000000008a000000|  0%| F|  |TAMS 0x0000000089f00000, 0x0000000089f00000| Untracked 
| 106|0x000000008a000000, 0x000000008a000000, 0x000000008a100000|  0%| F|  |TAMS 0x000000008a000000, 0x000000008a000000| Untracked 
| 107|0x000000008a100000, 0x000000008a100000, 0x000000008a200000|  0%| F|  |TAMS 0x000000008a100000, 0x000000008a100000| Untracked 
| 108|0x000000008a200000, 0x000000008a200000, 0x000000008a300000|  0%| F|  |TAMS 0x000000008a200000, 0x000000008a200000| Untracked 
| 109|0x000000008a300000, 0x000000008a300000, 0x000000008a400000|  0%| F|  |TAMS 0x000000008a300000, 0x000000008a300000| Untracked 
| 110|0x000000008a400000, 0x000000008a400000, 0x000000008a500000|  0%| F|  |TAMS 0x000000008a400000, 0x000000008a400000| Untracked 
| 111|0x000000008a500000, 0x000000008a500000, 0x000000008a600000|  0%| F|  |TAMS 0x000000008a500000, 0x000000008a500000| Untracked 
| 112|0x000000008a600000, 0x000000008a600000, 0x000000008a700000|  0%| F|  |TAMS 0x000000008a600000, 0x000000008a600000| Untracked 
| 113|0x000000008a700000, 0x000000008a700000, 0x000000008a800000|  0%| F|  |TAMS 0x000000008a700000, 0x000000008a700000| Untracked 
| 114|0x000000008a800000, 0x000000008a800000, 0x000000008a900000|  0%| F|  |TAMS 0x000000008a800000, 0x000000008a800000| Untracked 
| 115|0x000000008a900000, 0x000000008a900000, 0x000000008aa00000|  0%| F|  |TAMS 0x000000008a900000, 0x000000008a900000| Untracked 
| 116|0x000000008aa00000, 0x000000008aa00000, 0x000000008ab00000|  0%| F|  |TAMS 0x000000008aa00000, 0x000000008aa00000| Untracked 
| 117|0x000000008ab00000, 0x000000008ab00000, 0x000000008ac00000|  0%| F|  |TAMS 0x000000008ab00000, 0x000000008ab00000| Untracked 
| 118|0x000000008ac00000, 0x000000008ac00000, 0x000000008ad00000|  0%| F|  |TAMS 0x000000008ac00000, 0x000000008ac00000| Untracked 
| 119|0x000000008ad00000, 0x000000008ad00000, 0x000000008ae00000|  0%| F|  |TAMS 0x000000008ad00000, 0x000000008ad00000| Untracked 
| 120|0x000000008ae00000, 0x000000008ae00000, 0x000000008af00000|  0%| F|  |TAMS 0x000000008ae00000, 0x000000008ae00000| Untracked 
| 121|0x000000008af00000, 0x000000008af00000, 0x000000008b000000|  0%| F|  |TAMS 0x000000008af00000, 0x000000008af00000| Untracked 
| 122|0x000000008b000000, 0x000000008b000000, 0x000000008b100000|  0%| F|  |TAMS 0x000000008b000000, 0x000000008b000000| Untracked 
| 123|0x000000008b100000, 0x000000008b100000, 0x000000008b200000|  0%| F|  |TAMS 0x000000008b100000, 0x000000008b100000| Untracked 
| 124|0x000000008b200000, 0x000000008b200000, 0x000000008b300000|  0%| F|  |TAMS 0x000000008b200000, 0x000000008b200000| Untracked 
| 125|0x000000008b300000, 0x000000008b300000, 0x000000008b400000|  0%| F|  |TAMS 0x000000008b300000, 0x000000008b300000| Untracked 
| 126|0x000000008b400000, 0x000000008b400000, 0x000000008b500000|  0%| F|  |TAMS 0x000000008b400000, 0x000000008b400000| Untracked 
| 127|0x000000008b500000, 0x000000008b500000, 0x000000008b600000|  0%| F|  |TAMS 0x000000008b500000, 0x000000008b500000| Untracked 
| 128|0x000000008b600000, 0x000000008b600000, 0x000000008b700000|  0%| F|  |TAMS 0x000000008b600000, 0x000000008b600000| Untracked 
| 129|0x000000008b700000, 0x000000008b700000, 0x000000008b800000|  0%| F|  |TAMS 0x000000008b700000, 0x000000008b700000| Untracked 
| 130|0x000000008b800000, 0x000000008b800000, 0x000000008b900000|  0%| F|  |TAMS 0x000000008b800000, 0x000000008b800000| Untracked 
| 131|0x000000008b900000, 0x000000008b900000, 0x000000008ba00000|  0%| F|  |TAMS 0x000000008b900000, 0x000000008b900000| Untracked 
| 132|0x000000008ba00000, 0x000000008ba00000, 0x000000008bb00000|  0%| F|  |TAMS 0x000000008ba00000, 0x000000008ba00000| Untracked 
| 133|0x000000008bb00000, 0x000000008bb00000, 0x000000008bc00000|  0%| F|  |TAMS 0x000000008bb00000, 0x000000008bb00000| Untracked 
| 134|0x000000008bc00000, 0x000000008bc00000, 0x000000008bd00000|  0%| F|  |TAMS 0x000000008bc00000, 0x000000008bc00000| Untracked 
| 135|0x000000008bd00000, 0x000000008bd00000, 0x000000008be00000|  0%| F|  |TAMS 0x000000008bd00000, 0x000000008bd00000| Untracked 
| 136|0x000000008be00000, 0x000000008be00000, 0x000000008bf00000|  0%| F|  |TAMS 0x000000008be00000, 0x000000008be00000| Untracked 
| 137|0x000000008bf00000, 0x000000008bf00000, 0x000000008c000000|  0%| F|  |TAMS 0x000000008bf00000, 0x000000008bf00000| Untracked 
| 138|0x000000008c000000, 0x000000008c000000, 0x000000008c100000|  0%| F|  |TAMS 0x000000008c000000, 0x000000008c000000| Untracked 
| 139|0x000000008c100000, 0x000000008c100000, 0x000000008c200000|  0%| F|  |TAMS 0x000000008c100000, 0x000000008c100000| Untracked 
| 140|0x000000008c200000, 0x000000008c200000, 0x000000008c300000|  0%| F|  |TAMS 0x000000008c200000, 0x000000008c200000| Untracked 
| 141|0x000000008c300000, 0x000000008c300000, 0x000000008c400000|  0%| F|  |TAMS 0x000000008c300000, 0x000000008c300000| Untracked 
| 142|0x000000008c400000, 0x000000008c4d47b8, 0x000000008c500000| 83%| E|  |TAMS 0x000000008c400000, 0x000000008c400000| Complete 
| 143|0x000000008c500000, 0x000000008c600000, 0x000000008c600000|100%| E|CS|TAMS 0x000000008c500000, 0x000000008c500000| Complete 
| 144|0x000000008c600000, 0x000000008c700000, 0x000000008c700000|100%| E|CS|TAMS 0x000000008c600000, 0x000000008c600000| Complete 
| 145|0x000000008c700000, 0x000000008c800000, 0x000000008c800000|100%| E|CS|TAMS 0x000000008c700000, 0x000000008c700000| Complete 
| 146|0x000000008c800000, 0x000000008c900000, 0x000000008c900000|100%| E|CS|TAMS 0x000000008c800000, 0x000000008c800000| Complete 
| 147|0x000000008c900000, 0x000000008ca00000, 0x000000008ca00000|100%| E|CS|TAMS 0x000000008c900000, 0x000000008c900000| Complete 
| 148|0x000000008ca00000, 0x000000008cb00000, 0x000000008cb00000|100%| E|CS|TAMS 0x000000008ca00000, 0x000000008ca00000| Complete 
| 149|0x000000008cb00000, 0x000000008cc00000, 0x000000008cc00000|100%| E|CS|TAMS 0x000000008cb00000, 0x000000008cb00000| Complete 
| 150|0x000000008cc00000, 0x000000008cd00000, 0x000000008cd00000|100%| E|CS|TAMS 0x000000008cc00000, 0x000000008cc00000| Complete 
| 151|0x000000008cd00000, 0x000000008ce00000, 0x000000008ce00000|100%| E|CS|TAMS 0x000000008cd00000, 0x000000008cd00000| Complete 
| 152|0x000000008ce00000, 0x000000008cf00000, 0x000000008cf00000|100%| E|CS|TAMS 0x000000008ce00000, 0x000000008ce00000| Complete 
| 153|0x000000008cf00000, 0x000000008d000000, 0x000000008d000000|100%| E|CS|TAMS 0x000000008cf00000, 0x000000008cf00000| Complete 
| 154|0x000000008d000000, 0x000000008d100000, 0x000000008d100000|100%| E|CS|TAMS 0x000000008d000000, 0x000000008d000000| Complete 
| 155|0x000000008d100000, 0x000000008d200000, 0x000000008d200000|100%| E|CS|TAMS 0x000000008d100000, 0x000000008d100000| Complete 
| 156|0x000000008d200000, 0x000000008d300000, 0x000000008d300000|100%| E|CS|TAMS 0x000000008d200000, 0x000000008d200000| Complete 
| 157|0x000000008d300000, 0x000000008d400000, 0x000000008d400000|100%| E|CS|TAMS 0x000000008d300000, 0x000000008d300000| Complete 
| 158|0x000000008d400000, 0x000000008d500000, 0x000000008d500000|100%| E|CS|TAMS 0x000000008d400000, 0x000000008d400000| Complete 
| 159|0x000000008d500000, 0x000000008d600000, 0x000000008d600000|100%| E|CS|TAMS 0x000000008d500000, 0x000000008d500000| Complete 
| 160|0x000000008d600000, 0x000000008d700000, 0x000000008d700000|100%| E|CS|TAMS 0x000000008d600000, 0x000000008d600000| Complete 
| 161|0x000000008d700000, 0x000000008d800000, 0x000000008d800000|100%| E|CS|TAMS 0x000000008d700000, 0x000000008d700000| Complete 
| 162|0x000000008d800000, 0x000000008d900000, 0x000000008d900000|100%| E|CS|TAMS 0x000000008d800000, 0x000000008d800000| Complete 
| 163|0x000000008d900000, 0x000000008da00000, 0x000000008da00000|100%| E|CS|TAMS 0x000000008d900000, 0x000000008d900000| Complete 
| 164|0x000000008da00000, 0x000000008db00000, 0x000000008db00000|100%| E|CS|TAMS 0x000000008da00000, 0x000000008da00000| Complete 
| 165|0x000000008db00000, 0x000000008dc00000, 0x000000008dc00000|100%| E|CS|TAMS 0x000000008db00000, 0x000000008db00000| Complete 
| 166|0x000000008dc00000, 0x000000008dd00000, 0x000000008dd00000|100%| E|CS|TAMS 0x000000008dc00000, 0x000000008dc00000| Complete 
| 167|0x000000008dd00000, 0x000000008de00000, 0x000000008de00000|100%| E|CS|TAMS 0x000000008dd00000, 0x000000008dd00000| Complete 
| 168|0x000000008de00000, 0x000000008df00000, 0x000000008df00000|100%| E|CS|TAMS 0x000000008de00000, 0x000000008de00000| Complete 
| 169|0x000000008df00000, 0x000000008e000000, 0x000000008e000000|100%| E|CS|TAMS 0x000000008df00000, 0x000000008df00000| Complete 
| 170|0x000000008e000000, 0x000000008e100000, 0x000000008e100000|100%| E|CS|TAMS 0x000000008e000000, 0x000000008e000000| Complete 
| 171|0x000000008e100000, 0x000000008e200000, 0x000000008e200000|100%| E|CS|TAMS 0x000000008e100000, 0x000000008e100000| Complete 
| 172|0x000000008e200000, 0x000000008e300000, 0x000000008e300000|100%| E|CS|TAMS 0x000000008e200000, 0x000000008e200000| Complete 
| 173|0x000000008e300000, 0x000000008e400000, 0x000000008e400000|100%| E|CS|TAMS 0x000000008e300000, 0x000000008e300000| Complete 
| 174|0x000000008e400000, 0x000000008e500000, 0x000000008e500000|100%| E|CS|TAMS 0x000000008e400000, 0x000000008e400000| Complete 
| 175|0x000000008e500000, 0x000000008e600000, 0x000000008e600000|100%| E|CS|TAMS 0x000000008e500000, 0x000000008e500000| Complete 
| 176|0x000000008e600000, 0x000000008e700000, 0x000000008e700000|100%| E|CS|TAMS 0x000000008e600000, 0x000000008e600000| Complete 
| 177|0x000000008e700000, 0x000000008e800000, 0x000000008e800000|100%| E|CS|TAMS 0x000000008e700000, 0x000000008e700000| Complete 
| 178|0x000000008e800000, 0x000000008e900000, 0x000000008e900000|100%| E|CS|TAMS 0x000000008e800000, 0x000000008e800000| Complete 
| 179|0x000000008e900000, 0x000000008ea00000, 0x000000008ea00000|100%| E|CS|TAMS 0x000000008e900000, 0x000000008e900000| Complete 
| 180|0x000000008ea00000, 0x000000008eb00000, 0x000000008eb00000|100%| E|CS|TAMS 0x000000008ea00000, 0x000000008ea00000| Complete 
| 181|0x000000008eb00000, 0x000000008ec00000, 0x000000008ec00000|100%| E|CS|TAMS 0x000000008eb00000, 0x000000008eb00000| Complete 
| 182|0x000000008ec00000, 0x000000008ed00000, 0x000000008ed00000|100%| E|CS|TAMS 0x000000008ec00000, 0x000000008ec00000| Complete 

Card table byte_map: [0x0000016b52c20000,0x0000016b53010000] _byte_map_base: 0x0000016b52805000

Marking Bits (Prev, Next): (CMBitMap*) 0x0000016b3be979c0, (CMBitMap*) 0x0000016b3be97988
 Prev Bits: [0x0000016b55330000, 0x0000016b57258000)
 Next Bits: [0x0000016b53400000, 0x0000016b55328000)

Polling page: 0x0000016b39e00000

Metaspace:

Usage:
  Non-class:     68.32 MB capacity,    67.11 MB ( 98%) used,   972.57 KB (  1%) free+waste,   261.50 KB ( <1%) overhead. 
      Class:     10.02 MB capacity,     9.21 MB ( 92%) used,   702.41 KB (  7%) free+waste,   120.25 KB (  1%) overhead. 
       Both:     78.33 MB capacity,    76.32 MB ( 97%) used,     1.64 MB (  2%) free+waste,   381.75 KB ( <1%) overhead. 

Virtual space:
  Non-class space:       70.00 MB reserved,      68.50 MB ( 98%) committed 
      Class space:        1.00 GB reserved,      10.13 MB ( <1%) committed 
             Both:        1.07 GB reserved,      78.63 MB (  7%) committed 

Chunk freelists:
   Non-Class:  7.50 KB
       Class:  2.00 KB
        Both:  9.50 KB

CodeHeap 'non-profiled nmethods': size=120000Kb used=11782Kb max_used=11782Kb free=108217Kb
 bounds [0x0000016b4afd0000, 0x0000016b4bb60000, 0x0000016b52500000]
CodeHeap 'profiled nmethods': size=120000Kb used=24494Kb max_used=27738Kb free=95505Kb
 bounds [0x0000016b43aa0000, 0x0000016b455c0000, 0x0000016b4afd0000]
CodeHeap 'non-nmethods': size=5760Kb used=1256Kb max_used=1333Kb free=4503Kb
 bounds [0x0000016b43500000, 0x0000016b43770000, 0x0000016b43aa0000]
 total_blobs=12634 nmethods=12016 adapters=527
 compilation: enabled
              stopped_count=0, restarted_count=0
 full_count=0

Compilation events (10 events):
Event: 337.402 Thread 0x0000016b5e149000 nmethod 13443 0x0000016b4b639110 code [0x0000016b4b6392c0, 0x0000016b4b639c08]
Event: 337.402 Thread 0x0000016b5e149000 13449   !   4       org.postgresql.core.v3.QueryExecutorImpl::processResults (2184 bytes)
Event: 337.506 Thread 0x0000016b5a635000 13452   !   3       sun.nio.ch.WindowsSelectorImpl::doSelect (151 bytes)
Event: 337.508 Thread 0x0000016b5a635000 nmethod 13452 0x0000016b43b4be90 code [0x0000016b43b4c1a0, 0x0000016b43b4d098]
Event: 337.508 Thread 0x0000016b5a635000 13453       2       sun.nio.ch.WindowsSelectorImpl$FinishLock::reset (17 bytes)
Event: 337.508 Thread 0x0000016b5a635000 nmethod 13453 0x0000016b43b20110 code [0x0000016b43b202c0, 0x0000016b43b203e8]
Event: 337.508 Thread 0x0000016b5a635000 13454  s    2       sun.nio.ch.WindowsSelectorImpl$StartLock::startThreads (15 bytes)
Event: 337.508 Thread 0x0000016b5a635000 nmethod 13454 0x0000016b43b28010 code [0x0000016b43b281c0, 0x0000016b43b28448]
Event: 337.551 Thread 0x0000016b5a635000 13455       3       org.apache.tomcat.util.net.NioChannel::isOpen (8 bytes)
Event: 337.551 Thread 0x0000016b5a635000 nmethod 13455 0x0000016b43b27a90 code [0x0000016b43b27c40, 0x0000016b43b27e18]

GC Heap History (10 events):
Event: 271.932 GC heap before
{Heap before GC invocations=23 (full 0):
 garbage-first heap   total 187392K, used 141647K [0x0000000083600000, 0x0000000100000000)
  region size 1024K, 109 young (111616K), 3 survivors (3072K)
 Metaspace       used 78105K, capacity 80083K, committed 80256K, reserved 1120256K
  class space    used 9429K, capacity 10256K, committed 10368K, reserved 1048576K
}
Event: 271.938 GC heap after
{Heap after GC invocations=24 (full 0):
 garbage-first heap   total 187392K, used 32966K [0x0000000083600000, 0x0000000100000000)
  region size 1024K, 3 young (3072K), 3 survivors (3072K)
 Metaspace       used 78105K, capacity 80083K, committed 80256K, reserved 1120256K
  class space    used 9429K, capacity 10256K, committed 10368K, reserved 1048576K
}
Event: 279.664 GC heap before
{Heap before GC invocations=24 (full 0):
 garbage-first heap   total 187392K, used 141510K [0x0000000083600000, 0x0000000100000000)
  region size 1024K, 109 young (111616K), 3 survivors (3072K)
 Metaspace       used 78109K, capacity 80083K, committed 80256K, reserved 1120256K
  class space    used 9429K, capacity 10256K, committed 10368K, reserved 1048576K
}
Event: 279.683 GC heap after
{Heap after GC invocations=25 (full 0):
 garbage-first heap   total 187392K, used 33113K [0x0000000083600000, 0x0000000100000000)
  region size 1024K, 3 young (3072K), 3 survivors (3072K)
 Metaspace       used 78109K, capacity 80083K, committed 80256K, reserved 1120256K
  class space    used 9429K, capacity 10256K, committed 10368K, reserved 1048576K
}
Event: 287.305 GC heap before
{Heap before GC invocations=25 (full 0):
 garbage-first heap   total 187392K, used 141657K [0x0000000083600000, 0x0000000100000000)
  region size 1024K, 109 young (111616K), 3 survivors (3072K)
 Metaspace       used 78118K, capacity 80083K, committed 80256K, reserved 1120256K
  class space    used 9429K, capacity 10256K, committed 10368K, reserved 1048576K
}
Event: 287.323 GC heap after
{Heap after GC invocations=26 (full 0):
 garbage-first heap   total 187392K, used 33089K [0x0000000083600000, 0x0000000100000000)
  region size 1024K, 3 young (3072K), 3 survivors (3072K)
 Metaspace       used 78118K, capacity 80083K, committed 80256K, reserved 1120256K
  class space    used 9429K, capacity 10256K, committed 10368K, reserved 1048576K
}
Event: 296.977 GC heap before
{Heap before GC invocations=26 (full 0):
 garbage-first heap   total 187392K, used 141633K [0x0000000083600000, 0x0000000100000000)
  region size 1024K, 109 young (111616K), 3 survivors (3072K)
 Metaspace       used 78138K, capacity 80084K, committed 80256K, reserved 1120256K
  class space    used 9432K, capacity 10256K, committed 10368K, reserved 1048576K
}
Event: 297.004 GC heap after
{Heap after GC invocations=27 (full 0):
 garbage-first heap   total 187392K, used 32943K [0x0000000083600000, 0x0000000100000000)
  region size 1024K, 3 young (3072K), 3 survivors (3072K)
 Metaspace       used 78138K, capacity 80084K, committed 80256K, reserved 1120256K
  class space    used 9432K, capacity 10256K, committed 10368K, reserved 1048576K
}
Event: 337.090 GC heap before
{Heap before GC invocations=27 (full 0):
 garbage-first heap   total 187392K, used 141487K [0x0000000083600000, 0x0000000100000000)
  region size 1024K, 109 young (111616K), 3 survivors (3072K)
 Metaspace       used 78153K, capacity 80212K, committed 80512K, reserved 1120256K
  class space    used 9432K, capacity 10256K, committed 10368K, reserved 1048576K
}
Event: 337.114 GC heap after
{Heap after GC invocations=28 (full 0):
 garbage-first heap   total 187392K, used 33091K [0x0000000083600000, 0x0000000100000000)
  region size 1024K, 3 young (3072K), 3 survivors (3072K)
 Metaspace       used 78153K, capacity 80212K, committed 80512K, reserved 1120256K
  class space    used 9432K, capacity 10256K, committed 10368K, reserved 1048576K
}

Deoptimization events (10 events):
Event: 336.194 Thread 0x0000016b5ec5d000 Uncommon trap: reason=unstable_if action=reinterpret pc=0x0000016b4bb0bb1c method=java.util.concurrent.ConcurrentLinkedQueue.offer(Ljava/lang/Object;)Z @ 96 c2
Event: 336.208 Thread 0x0000016b5d419000 Uncommon trap: reason=speculate_null_assert action=make_not_entrant pc=0x0000016b4b0fef48 method=java.lang.invoke.MethodType$ConcurrentWeakInternSet.add(Ljava/lang/Object;)Ljava/lang/Object; @ 47 c2
Event: 336.235 Thread 0x0000016b5d41c800 Uncommon trap: reason=unstable_if action=reinterpret pc=0x0000016b4b757cb4 method=java.util.concurrent.locks.ReentrantReadWriteLock$Sync.tryReleaseShared(I)Z @ 129 c2
Event: 336.284 Thread 0x0000016b5d418000 Uncommon trap: reason=unstable_if action=reinterpret pc=0x0000016b4b3b193c method=java.util.concurrent.SynchronousQueue.offer(Ljava/lang/Object;)Z @ 22 c2
Event: 336.284 Thread 0x0000016b5d419000 Uncommon trap: reason=unstable_if action=reinterpret pc=0x0000016b4b3491c0 method=java.util.concurrent.SynchronousQueue.offer(Ljava/lang/Object;)Z @ 22 c2
Event: 336.287 Thread 0x0000016b5e92b000 Uncommon trap: reason=unstable_if action=reinterpret pc=0x0000016b4bb245e4 method=java.util.concurrent.locks.LockSupport.unpark(Ljava/lang/Thread;)V @ 1 c2
Event: 336.597 Thread 0x0000016b5ec5d800 Uncommon trap: reason=unstable_if action=reinterpret pc=0x0000016b4b95ca7c method=java.util.concurrent.locks.ReentrantReadWriteLock$Sync.tryReleaseShared(I)Z @ 129 c2
Event: 336.622 Thread 0x0000016b5d418000 Uncommon trap: reason=unstable_if action=reinterpret pc=0x0000016b4b6ea70c method=org.postgresql.core.v3.SimpleQuery.needUpdateFieldFormats()Z @ 4 c2
Event: 337.181 Thread 0x0000016b5d41f800 Uncommon trap: reason=unstable_if action=reinterpret pc=0x0000016b4b9ea5e8 method=sun.nio.ch.WindowsSelectorImpl.doSelect(Ljava/util/function/Consumer;J)I @ 38 c2
Event: 337.445 Thread 0x0000016b5d41f800 Uncommon trap: reason=unstable_if action=reinterpret pc=0x0000016b4b9f0978 method=sun.nio.ch.WindowsSelectorImpl.doSelect(Ljava/util/function/Consumer;J)I @ 38 c2

Classes redefined (0 events):
No events

Internal exceptions (10 events):
Event: 187.719 Thread 0x0000016b5ec5e800 Implicit null exception at 0x0000016b4b63c538 to 0x0000016b4b64012c
Event: 188.368 Thread 0x0000016b5ec5c000 Implicit null exception at 0x0000016b4b6a5600 to 0x0000016b4b6a5834
Event: 188.440 Thread 0x0000016b5e92b000 Implicit null exception at 0x0000016b4b6a95e5 to 0x0000016b4b6a9834
Event: 198.330 Thread 0x0000016b5ec5c000 Implicit null exception at 0x0000016b4b864996 to 0x0000016b4b864d7c
Event: 198.331 Thread 0x0000016b5ec5c000 Implicit null exception at 0x0000016b4b864996 to 0x0000016b4b864d7c
Event: 198.342 Thread 0x0000016b615d0800 Implicit null exception at 0x0000016b4b864996 to 0x0000016b4b864d7c
Event: 198.342 Thread 0x0000016b615d0800 Implicit null exception at 0x0000016b4b864996 to 0x0000016b4b864d7c
Event: 208.575 Thread 0x0000016b5d41e800 Implicit null exception at 0x0000016b4b17c908 to 0x0000016b4b17dc9c
Event: 208.587 Thread 0x0000016b5d418000 Implicit null exception at 0x0000016b4b7c225c to 0x0000016b4b7c2664
Event: 335.853 Thread 0x0000016b5ec5d800 Implicit null exception at 0x0000016b4b0b9270 to 0x0000016b4b0bafde

Events (10 events):
Event: 337.135 loading class org/springframework/security/web/FilterChainProxy$1
Event: 337.135 loading class org/springframework/security/web/FilterChainProxy$1 done
Event: 337.159 Thread 0x0000016b5d41f800 Uncommon trap: trap_request=0xffffff4d fr.pc=0x0000016b4b9ea5e8 relative=0x00000000000026e8
Event: 337.159 Executing VM operation: RevokeBias
Event: 337.181 Executing VM operation: RevokeBias done
Event: 337.181 Thread 0x0000016b5d41f800 DEOPT PACKING pc=0x0000016b4b9ea5e8 sp=0x0000000f5bcfeef0
Event: 337.181 Thread 0x0000016b5d41f800 DEOPT UNPACKING pc=0x0000016b435083af sp=0x0000000f5bcfee48 mode 2
Event: 337.445 Thread 0x0000016b5d41f800 Uncommon trap: trap_request=0xffffff4d fr.pc=0x0000016b4b9f0978 relative=0x0000000000002198
Event: 337.445 Thread 0x0000016b5d41f800 DEOPT PACKING pc=0x0000016b4b9f0978 sp=0x0000000f5bcfee60
Event: 337.445 Thread 0x0000016b5d41f800 DEOPT UNPACKING pc=0x0000016b435083af sp=0x0000000f5bcfee40 mode 2


Dynamic libraries:
0x00007ff6e81c0000 - 0x00007ff6e81cf000 	C:\Program Files\Java\jdk-11.0.15\bin\java.exe
0x00007ff928ac0000 - 0x00007ff928cc9000 	C:\WINDOWS\SYSTEM32\ntdll.dll
0x00007ff927530000 - 0x00007ff9275ed000 	C:\WINDOWS\System32\KERNEL32.DLL
0x00007ff925fa0000 - 0x00007ff92631d000 	C:\WINDOWS\System32\KERNELBASE.dll
0x00007ff9264d0000 - 0x00007ff9265e1000 	C:\WINDOWS\System32\ucrtbase.dll
0x00007ff90d460000 - 0x00007ff90d475000 	C:\Program Files\Java\jdk-11.0.15\bin\VCRUNTIME140.dll
0x00007ff90d480000 - 0x00007ff90d498000 	C:\Program Files\Java\jdk-11.0.15\bin\jli.dll
0x00007ff926f00000 - 0x00007ff926fae000 	C:\WINDOWS\System32\ADVAPI32.dll
0x00007ff9277b0000 - 0x00007ff927853000 	C:\WINDOWS\System32\msvcrt.dll
0x00007ff927860000 - 0x00007ff9278fe000 	C:\WINDOWS\System32\sechost.dll
0x00007ff9271e0000 - 0x00007ff927300000 	C:\WINDOWS\System32\RPCRT4.dll
0x00007ff927600000 - 0x00007ff9277ad000 	C:\WINDOWS\System32\USER32.dll
0x00007ff902690000 - 0x00007ff902935000 	C:\WINDOWS\WinSxS\amd64_microsoft.windows.common-controls_6595b64144ccf1df_6.0.22000.120_none_9d947278b86cc467\COMCTL32.dll
0x00007ff926690000 - 0x00007ff9266b6000 	C:\WINDOWS\System32\win32u.dll
0x00007ff926950000 - 0x00007ff926979000 	C:\WINDOWS\System32\GDI32.dll
0x00007ff926830000 - 0x00007ff926948000 	C:\WINDOWS\System32\gdi32full.dll
0x00007ff9265f0000 - 0x00007ff92668d000 	C:\WINDOWS\System32\msvcp_win.dll
0x00007ff918510000 - 0x00007ff91851a000 	C:\WINDOWS\SYSTEM32\VERSION.dll
0x00007ff926e50000 - 0x00007ff926e81000 	C:\WINDOWS\System32\IMM32.DLL
0x00007ff90c710000 - 0x00007ff90c7ab000 	C:\Program Files\Java\jdk-11.0.15\bin\msvcp140.dll
0x00007ff908c70000 - 0x00007ff909786000 	C:\Program Files\Java\jdk-11.0.15\bin\server\jvm.dll
0x00007ff926fb0000 - 0x00007ff926fb8000 	C:\WINDOWS\System32\PSAPI.DLL
0x00007ff91c5b0000 - 0x00007ff91c5e3000 	C:\WINDOWS\SYSTEM32\WINMM.dll
0x00007ff906500000 - 0x00007ff906509000 	C:\WINDOWS\SYSTEM32\WSOCK32.dll
0x00007ff927390000 - 0x00007ff9273ff000 	C:\WINDOWS\System32\WS2_32.dll
0x00007ff925190000 - 0x00007ff9251a8000 	C:\WINDOWS\SYSTEM32\kernel.appcore.dll
0x00007ff90d740000 - 0x00007ff90d750000 	C:\Program Files\Java\jdk-11.0.15\bin\verify.dll
0x00007ff923ad0000 - 0x00007ff923cf1000 	C:\WINDOWS\SYSTEM32\DBGHELP.DLL
0x00007ff9052b0000 - 0x00007ff9052e1000 	C:\WINDOWS\SYSTEM32\dbgcore.DLL
0x00007ff926320000 - 0x00007ff92639f000 	C:\WINDOWS\System32\bcryptPrimitives.dll
0x00007ff90c300000 - 0x00007ff90c328000 	C:\Program Files\Java\jdk-11.0.15\bin\java.dll
0x00007ff90d450000 - 0x00007ff90d45a000 	C:\Program Files\Java\jdk-11.0.15\bin\jimage.dll
0x00007ff90c1c0000 - 0x00007ff90c1d6000 	C:\Program Files\Java\jdk-11.0.15\bin\zip.dll
0x00007ff927b10000 - 0x00007ff9282c8000 	C:\WINDOWS\System32\SHELL32.dll
0x00007ff924120000 - 0x00007ff924988000 	C:\WINDOWS\SYSTEM32\windows.storage.dll
0x00007ff926980000 - 0x00007ff926cf9000 	C:\WINDOWS\System32\combase.dll
0x00007ff923fb0000 - 0x00007ff924116000 	C:\WINDOWS\SYSTEM32\wintypes.dll
0x00007ff927900000 - 0x00007ff9279ea000 	C:\WINDOWS\System32\SHCORE.dll
0x00007ff928a00000 - 0x00007ff928a5d000 	C:\WINDOWS\System32\shlwapi.dll
0x00007ff925ed0000 - 0x00007ff925ef1000 	C:\WINDOWS\SYSTEM32\profapi.dll
0x00007ff90a040000 - 0x00007ff90a059000 	C:\Program Files\Java\jdk-11.0.15\bin\net.dll
0x00007ff91dce0000 - 0x00007ff91ddec000 	C:\WINDOWS\SYSTEM32\WINHTTP.dll
0x00007ff9255c0000 - 0x00007ff925627000 	C:\WINDOWS\system32\mswsock.dll
0x00007ff90a020000 - 0x00007ff90a032000 	C:\Program Files\Java\jdk-11.0.15\bin\nio.dll
0x00007ff90d440000 - 0x00007ff90d449000 	C:\Program Files\Java\jdk-11.0.15\bin\management.dll
0x00007ff90c2f0000 - 0x00007ff90c2fb000 	C:\Program Files\Java\jdk-11.0.15\bin\management_ext.dll
0x00007ff9076c0000 - 0x00007ff9076d7000 	C:\WINDOWS\system32\napinsp.dll
0x00007ff9076a0000 - 0x00007ff9076bb000 	C:\WINDOWS\system32\pnrpnsp.dll
0x00007ff924ce0000 - 0x00007ff924dc8000 	C:\WINDOWS\SYSTEM32\DNSAPI.dll
0x00007ff924cb0000 - 0x00007ff924cdd000 	C:\WINDOWS\SYSTEM32\IPHLPAPI.DLL
0x00007ff9275f0000 - 0x00007ff9275f9000 	C:\WINDOWS\System32\NSI.dll
0x00007ff907330000 - 0x00007ff907342000 	C:\WINDOWS\System32\winrnr.dll
0x00007ff91b6c0000 - 0x00007ff91b6d5000 	C:\WINDOWS\system32\wshbth.dll
0x00007ff914860000 - 0x00007ff91487f000 	C:\WINDOWS\system32\nlansp_c.dll
0x00007ff91b3a0000 - 0x00007ff91b3aa000 	C:\Windows\System32\rasadhlp.dll
0x00007ff91a270000 - 0x00007ff91a2f1000 	C:\WINDOWS\System32\fwpuclnt.dll
0x00007ff925800000 - 0x00007ff925818000 	C:\WINDOWS\SYSTEM32\CRYPTSP.dll
0x00007ff9250f0000 - 0x00007ff925125000 	C:\WINDOWS\system32\rsaenh.dll
0x00007ff9256b0000 - 0x00007ff9256d9000 	C:\WINDOWS\SYSTEM32\USERENV.dll
0x00007ff925980000 - 0x00007ff9259a7000 	C:\WINDOWS\SYSTEM32\bcrypt.dll
0x00007ff925820000 - 0x00007ff92582c000 	C:\WINDOWS\SYSTEM32\CRYPTBASE.dll
0x00007ff91c7e0000 - 0x00007ff91c7f9000 	C:\WINDOWS\SYSTEM32\dhcpcsvc6.DLL
0x00007ff91db70000 - 0x00007ff91db8e000 	C:\WINDOWS\SYSTEM32\dhcpcsvc.DLL
0x00007ff909fe0000 - 0x00007ff909fed000 	C:\Program Files\Java\jdk-11.0.15\bin\sunmscapi.dll
0x00007ff9266c0000 - 0x00007ff926822000 	C:\WINDOWS\System32\CRYPT32.dll
0x00007ff925950000 - 0x00007ff925978000 	C:\WINDOWS\SYSTEM32\ncrypt.dll
0x00007ff925910000 - 0x00007ff925947000 	C:\WINDOWS\SYSTEM32\NTASN1.dll
0x00007ff909ff0000 - 0x00007ff90a015000 	C:\Program Files\Java\jdk-11.0.15\bin\sunec.dll

dbghelp: loaded successfully - version: 4.0.5 - missing functions: none
symbol engine: initialized successfully - sym options: 0x614 - pdb path: .;C:\Program Files\Java\jdk-11.0.15\bin;C:\WINDOWS\SYSTEM32;C:\WINDOWS\WinSxS\amd64_microsoft.windows.common-controls_6595b64144ccf1df_6.0.22000.120_none_9d947278b86cc467;C:\Program Files\Java\jdk-11.0.15\bin\server

VM Arguments:
jvm_args: -Dfile.encoding=windows-1252 -Duser.country=US -Duser.language=en -Duser.variant 
java_command: com.tpssoft.retro.RetroApplication
java_class_path (initial): C:\Users\ACER\Desktop\TPS\planningPoker\BE\build\classes\java\main;C:\Users\ACER\Desktop\TPS\planningPoker\BE\build\resources\main;C:\Users\ACER\.gradle\caches\modules-2\files-2.1\org.springframework.boot\spring-boot-starter-mail\2.5.4\b760b790a3a50c568174a1c816f2b88623ac359f\spring-boot-starter-mail-2.5.4.jar;C:\Users\ACER\.gradle\caches\modules-2\files-2.1\io.jsonwebtoken\jjwt\0.9.1\54d2abfc3e63a28824d35bf600d6a5d627da681a\jjwt-0.9.1.jar;C:\Users\ACER\.gradle\caches\modules-2\files-2.1\org.springframework.boot\spring-boot-starter-data-jpa\2.7.2\11ac3a239c4644dc8e338fafff1fb66557abcf2f\spring-boot-starter-data-jpa-2.7.2.jar;C:\Users\ACER\.gradle\caches\modules-2\files-2.1\org.springframework.boot\spring-boot-starter-security\2.7.2\2b25217b4ec310860d8a5de402970a77d731749b\spring-boot-starter-security-2.7.2.jar;C:\Users\ACER\.gradle\caches\modules-2\files-2.1\org.springframework.boot\spring-boot-starter-websocket\2.7.2\52d5521984eeb30b0e51593425ae9111a8886c51\spring-boot-starter-websocket-2.7.2.jar;C:\Users\ACER\.gradle\caches\modules-2\files-2.1\org.springframework.boot\spring-boot-starter-web\2.7.2\dd8a77a26900a86d9962598cbbd360f6b69bab5e\spring-boot-starter-web-2.7.2.jar;C:\Users\ACER\.gradle\caches\modules-2\files-2.1\org.apache.commons\commons-csv\1.8\37ca9a9aa2d4be2599e55506a6d3170dd7a3df4\commons-csv-1.8.jar;C:\Users\ACER\.gradle\caches\modules-2\files-2.1\org.projectlombok\lombok\1.18.24\13a394eed5c4f9efb2a6d956e2086f1d81e857d9\lombok-1.18.24.jar;C:\Users\ACER\.gradle\caches\modules-2\files-2.1\javax.validation\validation-api\2.0.1.Final\cb855558e6271b1b32e716d24cb85c7f583ce09e\validation-api-2.0.1.Final.jar;C:\Users\ACER\.gradle\caches\modules-2\files-2.1\org.postgresql\postgresql\42.3.6\98e509e29657cd3633d93bc05ae41ff71fbb79d1\postgresql-42.3.6.jar;C:\Users\ACER\.gradle\caches\modules-2\files-2.1\org.springframework.boot\spring-boot-starter-aop\2.7.2\85ab2c70e97c11148f986ca4c901b678053cc39d\spring-boot-starter-aop-2.7.2.jar;C:\U
Launcher Type: SUN_STANDARD

[Global flags]
     intx CICompilerCount                          = 4                                         {product} {ergonomic}
     uint ConcGCThreads                            = 2                                         {product} {ergonomic}
     uint G1ConcRefinementThreads                  = 8                                         {product} {ergonomic}
   size_t G1HeapRegionSize                         = 1048576                                   {product} {ergonomic}
    uintx GCDrainStackTargetSize                   = 64                                        {product} {ergonomic}
   size_t InitialHeapSize                          = 132120576                                 {product} {ergonomic}
   size_t MarkStackSize                            = 4194304                                   {product} {ergonomic}
   size_t MaxHeapSize                              = 2090860544                                {product} {ergonomic}
   size_t MaxNewSize                               = 1254096896                                {product} {ergonomic}
   size_t MinHeapDeltaBytes                        = 1048576                                   {product} {ergonomic}
    uintx NonNMethodCodeHeapSize                   = 5836300                                {pd product} {ergonomic}
    uintx NonProfiledCodeHeapSize                  = 122910970                              {pd product} {ergonomic}
    uintx ProfiledCodeHeapSize                     = 122910970                              {pd product} {ergonomic}
    uintx ReservedCodeCacheSize                    = 251658240                              {pd product} {ergonomic}
     bool SegmentedCodeCache                       = true                                      {product} {ergonomic}
     bool UseCompressedClassPointers               = true                                 {lp64_product} {ergonomic}
     bool UseCompressedOops                        = true                                 {lp64_product} {ergonomic}
     bool UseG1GC                                  = true                                      {product} {ergonomic}
     bool UseLargePagesIndividualAllocation        = false                                  {pd product} {ergonomic}

Logging:
Log output configuration:
 #0: stdout all=warning uptime,level,tags
 #1: stderr all=off uptime,level,tags

Environment Variables:
PATH=C:\Program Files (x86)\Common Files\Oracle\Java\javapath;C:\Program Files\Common Files\Oracle\Java\javapath;C:\WINDOWS\system32;C:\WINDOWS;C:\WINDOWS\System32\Wbem;C:\WINDOWS\System32\WindowsPowerShell\v1.0\;C:\WINDOWS\System32\OpenSSH\;C:\Program Files\Git\cmd;C:\Program Files\nodejs\;C:\Program Files\Microsoft SQL Server\120\DTS\Binn\;C:\Program Files\Microsoft SQL Server\Client SDK\ODBC\110\Tools\Binn\;C:\Program Files (x86)\Microsoft SQL Server\120\Tools\Binn\;C:\Program Files\Microsoft SQL Server\120\Tools\Binn\;C:\Program Files (x86)\Microsoft SQL Server\120\Tools\Binn\ManagementStudio\;C:\Program Files (x86)\Microsoft SQL Server\120\DTS\Binn\;C:\Users\ACER\AppData\Local\Microsoft\WindowsApps;C:\Users\ACER\AppData\Roaming\npm;C:\Users\ACER\AppData\Local\Programs\Microsoft VS Code\bin;C:\Program Files\heroku\bin
USERNAME=ACER
OS=Windows_NT
PROCESSOR_IDENTIFIER=Intel64 Family 6 Model 140 Stepping 1, GenuineIntel



---------------  S Y S T E M  ---------------

OS: Windows 11 , 64 bit Build 22000 (10.0.22000.708)

CPU:total 8 (initial active 8) (4 cores per cpu, 2 threads per core) family 6 model 140 stepping 1 microcode 0x8a, cmov, cx8, fxsr, mmx, sse, sse2, sse3, ssse3, sse4.1, sse4.2, popcnt, avx, avx2, aes, clmul, erms, 3dnowpref, lzcnt, ht, tsc, tscinvbit, bmi1, bmi2, adx, evex, sha, fma

Memory: 4k page, system-wide physical 7971M (427M free)
TotalPageFile size 32547M (AvailPageFile size 18M)
current process WorkingSet (physical memory assigned to process): 247M, peak: 416M
current process commit charge ("private bytes"): 464M, peak: 514M

vm_info: Java HotSpot(TM) 64-Bit Server VM (11.0.15+8-LTS-149) for windows-amd64 JRE (11.0.15+8-LTS-149), built on Mar  9 2022 22:42:32 by "mach5one" with MS VC++ 15.9 (VS2017)

END.
